<?xml version="1.0" encoding="UTF-8" ?>
<testsuite tests="3" failures="0" name="com.jk.delivery.bo.PriceTest" time="0" errors="0" skipped="0">
  <properties>
    <property name="idea.version" value="2022.3.3"/>
    <property name="java.runtime.name" value="OpenJDK Runtime Environment"/>
    <property name="java.vm.version" value="17.0.6+10-LTS"/>
    <property name="sun.boot.library.path" value="C:\Programy\Java\jdk17.0.6_10\bin"/>
    <property name="maven.multiModuleProjectDirectory" value="C:\Users\Jenda\IdeaProjects\deliveryApp"/>
    <property name="java.vm.vendor" value="Amazon.com Inc."/>
    <property name="java.vendor.url" value="https://aws.amazon.com/corretto/"/>
    <property name="guice.disable.misplaced.annotation.check" value="true"/>
    <property name="path.separator" value=";"/>
    <property name="java.vm.name" value="OpenJDK 64-Bit Server VM"/>
    <property name="sun.os.patch.level" value=""/>
    <property name="user.script" value=""/>
    <property name="user.country" value="CZ"/>
    <property name="sun.java.launcher" value="SUN_STANDARD"/>
    <property name="java.vm.specification.name" value="Java Virtual Machine Specification"/>
    <property name="user.dir" value="C:\Users\Jenda\IdeaProjects\deliveryApp"/>
    <property name="java.vm.compressedOopsMode" value="Zero based"/>
    <property name="java.runtime.version" value="17.0.6+10-LTS"/>
    <property name="os.arch" value="amd64"/>
    <property name="java.io.tmpdir" value="C:\Users\Jenda\AppData\Local\Temp\"/>
    <property name="line.separator" value="
"/>
    <property name="java.vm.specification.vendor" value="Oracle Corporation"/>
    <property name="user.variant" value=""/>
    <property name="os.name" value="Windows 10"/>
    <property name="maven.ext.class.path" value="C:\Users\Jenda\AppData\Local\JetBrains\Toolbox\apps\IDEA-U\ch-0\223.8836.41\plugins\maven\lib\maven-event-listener.jar"/>
    <property name="classworlds.conf" value="C:\Users\Jenda\AppData\Local\JetBrains\Toolbox\apps\IDEA-U\ch-0\223.8836.41\plugins\maven\lib\maven3\bin\m2.conf"/>
    <property name="sun.jnu.encoding" value="Cp1250"/>
    <property name="java.library.path" value="C:\Programy\Java\jdk17.0.6_10\bin;C:\Windows\Sun\Java\bin;C:\Windows\system32;C:\Windows;C:\Programy\VMware\VMware Workstation\bin\;C:\Program Files (x86)\Common Files\Oracle\Java\javapath;C:\Windows\system32;C:\Windows;C:\Windows\System32\Wbem;C:\Windows\System32\WindowsPowerShell\v1.0\;C:\Windows\System32\OpenSSH\;C:\Programy\Java\jdk1.8.0_311\bin;C:\Programy\apache-maven-3.6.3\bin;C:\Programy\Git\cmd;C:\Program Files\dotnet\;C:\Users\Jenda\AppData\Local\Microsoft\WindowsApps;C:\Users\Jenda\.dotnet\tools;C:\Users\Jenda\AppData\Local\GitHubDesktop\bin;C:\Users\Jenda\AppData\Local\JetBrains\Toolbox\scripts;."/>
    <property name="jansi.passthrough" value="true"/>
    <property name="maven.conf" value="C:\Users\Jenda\AppData\Local\JetBrains\Toolbox\apps\IDEA-U\ch-0\223.8836.41\plugins\maven\lib\maven3/conf"/>
    <property name="jdk.debug" value="release"/>
    <property name="java.class.version" value="61.0"/>
    <property name="java.specification.name" value="Java Platform API Specification"/>
    <property name="sun.management.compiler" value="HotSpot 64-Bit Tiered Compilers"/>
    <property name="os.version" value="10.0"/>
    <property name="user.home" value="C:\Users\Jenda"/>
    <property name="user.timezone" value="Europe/Prague"/>
    <property name="file.encoding" value="UTF-8"/>
    <property name="java.specification.version" value="17"/>
    <property name="user.name" value="Jenda"/>
    <property name="java.class.path" value="C:\Users\Jenda\AppData\Local\JetBrains\Toolbox\apps\IDEA-U\ch-0\223.8836.41\plugins\maven\lib\maven3\boot\plexus-classworlds-2.6.0.jar;C:\Users\Jenda\AppData\Local\JetBrains\Toolbox\apps\IDEA-U\ch-0\223.8836.41\plugins\maven\lib\maven3\boot\plexus-classworlds.license"/>
    <property name="java.vm.specification.version" value="17"/>
    <property name="sun.arch.data.model" value="64"/>
    <property name="sun.java.command" value="org.codehaus.classworlds.Launcher -Didea.version=2022.3.3 clean install"/>
    <property name="java.home" value="C:\Programy\Java\jdk17.0.6_10"/>
    <property name="user.language" value="cs"/>
    <property name="java.specification.vendor" value="Oracle Corporation"/>
    <property name="java.vm.info" value="mixed mode, sharing"/>
    <property name="java.version" value="17.0.6"/>
    <property name="native.encoding" value="Cp1250"/>
    <property name="java.vendor" value="Amazon.com Inc."/>
    <property name="maven.home" value="C:\Users\Jenda\AppData\Local\JetBrains\Toolbox\apps\IDEA-U\ch-0\223.8836.41\plugins\maven\lib\maven3"/>
    <property name="file.separator" value="\"/>
    <property name="java.version.date" value="2023-01-17"/>
    <property name="java.vendor.url.bug" value="https://github.com/corretto/corretto-17/issues/"/>
    <property name="sun.io.unicode.encoding" value="UnicodeLittle"/>
    <property name="sun.cpu.endian" value="little"/>
    <property name="java.vendor.version" value="Corretto-17.0.6.10.1"/>
    <property name="sun.cpu.isalist" value="amd64"/>
  </properties>
  <testcase classname="com.jk.delivery.bo.PriceTest" name="whenMoreThanThreeDecimalDigits_thenShouldGiveConstraintViolations" time="0"/>
  <testcase classname="com.jk.delivery.bo.PriceTest" name="whenMoreThanSevenIntegerDigits_thenShouldGiveConstraintViolations" time="0"/>
  <testcase classname="com.jk.delivery.bo.PriceTest" name="whenPriceIsNotPositiveValue_thenShouldGiveConstraintViolations" time="0"/>
</testsuite>